<?xml version="1.0" encoding="UTF-8"?>
<testng-results skipped="0" failed="0" ignored="0" total="1" passed="1">
  <reporter-output>
  </reporter-output>
  <suite name="Suite" duration-ms="10039" started-at="2021-02-10T05:20:30Z" finished-at="2021-02-10T05:20:40Z">
    <groups>
    </groups>
    <test name="Test" duration-ms="10039" started-at="2021-02-10T05:20:30Z" finished-at="2021-02-10T05:20:40Z">
      <class name="com.wordpress.TestCases.LoginPageNew">
        <test-method status="PASS" signature="setup()[pri:0, instance:com.wordpress.TestCases.LoginPageNew@667a738]" name="setup" is-config="true" duration-ms="3042" started-at="2021-02-10T00:20:30Z" finished-at="2021-02-10T00:20:33Z">
          <reporter-output>
          </reporter-output>
        </test-method> <!-- setup -->
        <test-method status="PASS" signature="verifyLoginLogout()[pri:0, instance:com.wordpress.TestCases.LoginPageNew@667a738]" name="verifyLoginLogout" duration-ms="6244" started-at="2021-02-10T00:20:33Z" finished-at="2021-02-10T00:20:39Z">
          <reporter-output>
          </reporter-output>
        </test-method> <!-- verifyLoginLogout -->
        <test-method status="PASS" signature="tearDown()[pri:0, instance:com.wordpress.TestCases.LoginPageNew@667a738]" name="tearDown" is-config="true" duration-ms="738" started-at="2021-02-10T00:20:39Z" finished-at="2021-02-10T00:20:40Z">
          <reporter-output>
          </reporter-output>
        </test-method> <!-- tearDown -->
      </class> <!-- com.wordpress.TestCases.LoginPageNew -->
    </test> <!-- Test -->
  </suite> <!-- Suite -->
</testng-results>
